<?xml version="1.0" encoding="UTF-8"?>
<!-- Generated by org.testng.reporters.JUnitReportReporter -->
<testsuite hostname="LIN24003624" failures="0" tests="3" name="TestRunner.TestRunner1" time="114.607" errors="0" timestamp="2022-07-19T23:05:09 IST" skipped="0">
  <testcase classname="TestRunner.TestRunner1" name="runScenario" time="37.214"/>
  <system-out/>
  <testcase classname="TestRunner.TestRunner1" name="runScenario" time="41.311"/>
  <system-out/>
  <testcase classname="TestRunner.TestRunner1" name="runScenario" time="36.082"/>
  <system-out/>
</testsuite> <!-- TestRunner.TestRunner1 -->
